[20260601 00:51:21.084] token 131b461d-b362-4bb6-b105-a3606ad91806 result:True Message: Exception: 
[20260601 00:53:12.977] token 9c70eacf-6ad4-4bec-9d99-16b4f2baf515 result:True Message: Exception: 
[20260601 00:53:30.405] token c52e3399-6779-41b3-ba12-71761fc40373 result:True Message: Exception: 
[20260601 00:55:26.028] token 22d836ec-41e7-48be-bd40-8c058802b6a5 result:True Message: Exception: 
[20260601 01:07:45.945] token 22d836ec-41e7-48be-bd40-8c058802b6a5 result:True Message: Exception: 
[20260601 08:37:05.885] token e9424c21-2bd2-4dd1-a486-1aafe1d0acd4 result:True Message: Exception: 
[20260601 08:45:08.848] token ffe5fdd5-0e63-4826-9fef-e3f15f02f8d0 result:True Message: Exception: 
[20260601 08:46:23.421] token 7208d322-ce2e-433d-8c0e-4939e12db30f result:True Message: Exception: 
[20260601 08:59:07.646] token 51a28405-07cd-4240-bb9b-4e7bcc82a339 result:True Message: Exception: 
[20260601 08:59:17.051] token 51a28405-07cd-4240-bb9b-4e7bcc82a339 result:True Message: Exception: 
[20260601 09:54:22.783] token f8ec73be-ba67-48b4-a50e-f3e43662fb5a result:True Message: Exception: 
[20260601 09:54:33.502] token f8ec73be-ba67-48b4-a50e-f3e43662fb5a result:True Message: Exception: 
[20260601 10:07:28.439] token 7c93e1b1-c6fd-4c91-84ce-759da5d6390e result:True Message: Exception: 
[20260601 10:10:39.002] token 695f5201-e141-4288-b04f-29bbf86857a9 result:True Message: Exception: 
[20260601 10:23:29.181] token 50fd36c4-d48f-4e28-aecd-3ee27bf3f893 result:True Message: Exception: 
[20260601 10:23:32.404] token 50fd36c4-d48f-4e28-aecd-3ee27bf3f893 result:True Message: Exception: 
[20260601 10:27:32.064] token f28f4d5b-9a53-4a41-9444-d28b4e541275 result:True Message: Exception: 
[20260601 10:27:35.900] token f28f4d5b-9a53-4a41-9444-d28b4e541275 result:True Message: Exception: 
[20260601 10:27:38.204] token f28f4d5b-9a53-4a41-9444-d28b4e541275 result:True Message: Exception: 
[20260601 10:29:12.835] token 00492007-72fe-43d1-bc0c-143a2dc3e257 result:True Message: Exception: 
[20260601 10:29:16.365] token 00492007-72fe-43d1-bc0c-143a2dc3e257 result:True Message: Exception: 
[20260601 10:39:09.034] token d5fd6c9a-0bf6-4252-b093-554ff90a461c result:True Message: Exception: 
[20260601 10:39:10.044] token d5fd6c9a-0bf6-4252-b093-554ff90a461c result:True Message: Exception: 
[20260601 10:43:21.115] token a087089a-0e3b-4abb-aee0-dfc8916c7357 result:True Message: Exception: 
[20260601 10:43:23.202] token a087089a-0e3b-4abb-aee0-dfc8916c7357 result:True Message: Exception: 
[20260601 10:46:29.557] token de988407-c072-48c1-b082-d3fa3f221a0b result:True Message: Exception: 
[20260601 11:01:27.980] token b57838ca-7d73-452f-842c-3a97e1b27533 result:True Message: Exception: 
[20260601 11:04:01.652] token a39385bb-1e7f-4fd6-867e-0280baddf643 result:True Message: Exception: 
[20260601 11:41:59.955] token f6056716-f216-427f-898f-7757c8a35ee7 result:True Message: Exception: 
[20260601 12:43:41.560] token bc1f077f-3842-4afb-be4c-44eb8af32128 result:True Message: Exception: 
[20260601 12:43:42.748] token bc1f077f-3842-4afb-be4c-44eb8af32128 result:True Message: Exception: 
[20260601 13:25:41.037] token 519911ae-6249-4c3f-8367-11e0ecc6dd7c result:True Message: Exception: 
[20260601 13:25:41.156] token 519911ae-6249-4c3f-8367-11e0ecc6dd7c result:True Message: Exception: 
[20260601 13:25:49.248] token 519911ae-6249-4c3f-8367-11e0ecc6dd7c result:True Message: Exception: 
[20260601 13:25:49.365] token 519911ae-6249-4c3f-8367-11e0ecc6dd7c result:True Message: Exception: 
[20260601 13:32:34.890] token 519911ae-6249-4c3f-8367-11e0ecc6dd7c result:True Message: Exception: 
[20260601 14:28:58.746] token 044d8caa-3573-4a07-bfdb-cfaec7dc5112 result:True Message: Exception: 
[20260601 14:33:33.947] token 519911ae-6249-4c3f-8367-11e0ecc6dd7c result:True Message: Exception: 
[20260601 14:56:33.115] token 276DC561-E645-4EB1-8D1F-278E6742E081 result:True Message: Exception: 
[20260601 15:16:21.221] token 3174a63c-34fd-4a43-8d73-89ee2936cdbd result:True Message: Exception: 
[20260601 16:03:00.981] token 749904a0-90fd-4afe-afbb-63bfc00438b5 result:True Message: Exception: 
[20260601 16:08:00.902] token 276DC561-E645-4EB1-8D1F-278E6742E081 result:True Message: Exception: 
[20260601 16:08:26.026] token 276DC561-E645-4EB1-8D1F-278E6742E081 result:True Message: Exception: 
[20260601 16:08:32.115] token 276DC561-E645-4EB1-8D1F-278E6742E081 result:True Message: Exception: 
[20260601 16:12:23.612] token 276DC561-E645-4EB1-8D1F-278E6742E081 result:True Message: Exception: 
[20260601 16:21:33.454] token 27a37f6c-97ea-44a8-b0b8-4a8da7667bd5 result:True Message: Exception: 
[20260601 16:21:58.545] token 27a37f6c-97ea-44a8-b0b8-4a8da7667bd5 result:True Message: Exception: 
[20260601 16:51:55.284] token 276DC561-E645-4EB1-8D1F-278E6742E081 result:True Message: Exception: 
[20260601 16:51:55.862] token 276DC561-E645-4EB1-8D1F-278E6742E081 result:True Message: Exception: 
[20260601 16:51:59.261] token 276DC561-E645-4EB1-8D1F-278E6742E081 result:True Message: Exception: 
[20260601 16:55:47.132] token b96fda9d-e63d-429f-a308-8e065ebff25f result:True Message: Exception: 
[20260601 16:55:47.912] token b96fda9d-e63d-429f-a308-8e065ebff25f result:True Message: Exception: 
[20260601 16:55:48.199] token b96fda9d-e63d-429f-a308-8e065ebff25f result:True Message: Exception: 
[20260601 16:55:48.359] token b96fda9d-e63d-429f-a308-8e065ebff25f result:True Message: Exception: 
[20260601 17:00:49.008] token 276DC561-E645-4EB1-8D1F-278E6742E081 result:True Message: Exception: 
[20260601 17:11:17.247] token 276DC561-E645-4EB1-8D1F-278E6742E081 result:True Message: Exception: 
[20260601 17:11:18.429] token 276DC561-E645-4EB1-8D1F-278E6742E081 result:True Message: Exception: 
[20260601 17:11:18.511] token 276DC561-E645-4EB1-8D1F-278E6742E081 result:True Message: Exception: 
[20260601 17:11:19.150] token 276DC561-E645-4EB1-8D1F-278E6742E081 result:True Message: Exception: 
[20260601 17:11:19.910] token 276DC561-E645-4EB1-8D1F-278E6742E081 result:True Message: Exception: 
[20260601 17:11:25.515] token 276DC561-E645-4EB1-8D1F-278E6742E081 result:True Message: Exception: 
[20260601 17:12:50.898] token 276DC561-E645-4EB1-8D1F-278E6742E081 result:True Message: Exception: 
[20260601 17:13:28.777] token 276DC561-E645-4EB1-8D1F-278E6742E081 result:True Message: Exception: 
[20260601 17:14:50.804] token 276DC561-E645-4EB1-8D1F-278E6742E081 result:True Message: Exception: 
[20260601 17:16:15.386] token 9775b3ab-56f7-43d5-b65e-1f32410b84ee result:True Message: Exception: 
[20260601 17:16:15.424] token 9775b3ab-56f7-43d5-b65e-1f32410b84ee result:True Message: Exception: 
[20260601 17:16:24.433] token 9775b3ab-56f7-43d5-b65e-1f32410b84ee result:True Message: Exception: 
[20260601 17:17:16.456] token 9775b3ab-56f7-43d5-b65e-1f32410b84ee result:True Message: Exception: 
[20260601 17:18:56.694] token 9775b3ab-56f7-43d5-b65e-1f32410b84ee result:True Message: Exception: 
[20260601 17:18:56.776] token 9775b3ab-56f7-43d5-b65e-1f32410b84ee result:True Message: Exception: 
[20260601 17:19:04.762] token 9775b3ab-56f7-43d5-b65e-1f32410b84ee result:True Message: Exception: 
[20260601 17:19:06.239] token 9775b3ab-56f7-43d5-b65e-1f32410b84ee result:True Message: Exception: 
[20260601 17:19:07.889] token 9775b3ab-56f7-43d5-b65e-1f32410b84ee result:True Message: Exception: 
[20260601 17:19:08.083] token 9775b3ab-56f7-43d5-b65e-1f32410b84ee result:True Message: Exception: 
[20260601 17:19:25.596] token 9775b3ab-56f7-43d5-b65e-1f32410b84ee result:True Message: Exception: 
[20260601 17:31:12.987] token 9775b3ab-56f7-43d5-b65e-1f32410b84ee result:True Message: Exception: 
[20260601 17:31:13.014] token 9775b3ab-56f7-43d5-b65e-1f32410b84ee result:True Message: Exception: 
[20260601 17:31:14.584] token 9775b3ab-56f7-43d5-b65e-1f32410b84ee result:True Message: Exception: 
[20260601 17:31:18.421] token 9775b3ab-56f7-43d5-b65e-1f32410b84ee result:True Message: Exception: 
[20260601 17:31:18.452] token 9775b3ab-56f7-43d5-b65e-1f32410b84ee result:True Message: Exception: 
[20260601 17:31:19.961] token 9775b3ab-56f7-43d5-b65e-1f32410b84ee result:True Message: Exception: 
[20260601 17:31:22.903] token 9775b3ab-56f7-43d5-b65e-1f32410b84ee result:True Message: Exception: 
[20260601 17:31:33.988] token 9775b3ab-56f7-43d5-b65e-1f32410b84ee result:True Message: Exception: 
[20260601 17:31:34.015] token 9775b3ab-56f7-43d5-b65e-1f32410b84ee result:True Message: Exception: 
[20260601 17:31:36.010] token 9775b3ab-56f7-43d5-b65e-1f32410b84ee result:True Message: Exception: 
